0 info it worked if it ends with ok
1 verbose cli [ '/usr/local/bin/node', '/usr/local/bin/npm', 'publish' ]
2 info using npm@3.4.0
3 info using node@v4.2.1
4 verbose publish [ '.' ]
5 silly cache add args [ '.', null ]
6 verbose cache add spec .
7 silly cache add parsed spec Result {
7 silly cache add   raw: '.',
7 silly cache add   scope: null,
7 silly cache add   name: null,
7 silly cache add   rawSpec: '.',
7 silly cache add   spec: '/Users/uncleFucka/Projects/CBRNnode',
7 silly cache add   type: 'directory' }
8 verbose addLocalDirectory /Users/uncleFucka/.npm/cbrnnode/0.0.1/package.tgz not in flight; packing
9 info lifecycle cbrnnode@0.0.1~prepublish: cbrnnode@0.0.1
10 silly lifecycle cbrnnode@0.0.1~prepublish: no script for prepublish, continuing
11 verbose tar pack [ '/Users/uncleFucka/.npm/cbrnnode/0.0.1/package.tgz',
11 verbose tar pack   '/Users/uncleFucka/Projects/CBRNnode' ]
12 verbose tarball /Users/uncleFucka/.npm/cbrnnode/0.0.1/package.tgz
13 verbose folder /Users/uncleFucka/Projects/CBRNnode
14 verbose addLocalTarball adding from inside cache /Users/uncleFucka/.npm/cbrnnode/0.0.1/package.tgz
15 silly cache afterAdd cbrnnode@0.0.1
16 verbose afterAdd /Users/uncleFucka/.npm/cbrnnode/0.0.1/package/package.json not in flight; writing
17 verbose afterAdd /Users/uncleFucka/.npm/cbrnnode/0.0.1/package/package.json written
18 silly publish { name: 'cbrnnode',
18 silly publish   version: '0.0.1',
18 silly publish   description: 'CBRNnode',
18 silly publish   main: 'app/cbrn.js',
18 silly publish   dependencies:
18 silly publish    { archiver: '^0.21.0',
18 silly publish      chalk: '^1.1.1',
18 silly publish      'image-size': '^0.4.0',
18 silly publish      lodash: '^3.10.1',
18 silly publish      minimist: '^1.2.0' },
18 silly publish   devDependencies: {},
18 silly publish   scripts: {},
18 silly publish   bin: { cbrn: 'app/cbrn.js' },
18 silly publish   author: { name: 'unclef.npm@gmail.com' },
18 silly publish   license: 'ISC',
18 silly publish   directories: { doc: 'docs' },
18 silly publish   repository:
18 silly publish    { type: 'git',
18 silly publish      url: 'git+https://github.com/uncleF/CBRNnode.git' },
18 silly publish   keywords: [ 'comics', 'collecting' ],
18 silly publish   bugs: { url: 'https://github.com/uncleF/CBRNnode/issues' },
18 silly publish   homepage: 'https://github.com/uncleF/CBRNnode#readme',
18 silly publish   readme: '# [CBRNnode](https://github.com/uncleF/CBRNnode)\n\nHandy opinionated tool for renaming comic book pages according to the predetermend pattern:\n\n```\nDIRECTORY_NAME - PAGE(N)[ - PAGE(N+1)].jpg\n```\n\n## Prerequisites\n\n### [Node.js](https://nodejs.org)\n\n[Node.js](https://nodejs.org) version at or above 0.10.x\n\n## Instructions\n\nRenaming books in the current directory. Each subdirectory at a root level counts as one separate book.\n\n```sh\n$ cbrn\n```\n\nRenaming books at the provided destination. Each subdirectory at a root level of the provided destination counts as one separate book.\n\n```sh\n$ cbrn -d PATH\n```\n\nRenaming all books in the current directory and archiving them into separate archive.\n\n```sh\n$ cbrn --zip\n```\n',
18 silly publish   readmeFilename: 'README.md',
18 silly publish   gitHead: '953f3f0009ae1493881515a8580888fea1d82a70',
18 silly publish   _id: 'cbrnnode@0.0.1',
18 silly publish   _shasum: '82f6fe3fd32c404960a872899ee7e4d1a0d46376',
18 silly publish   _from: '.' }
19 verbose getPublishConfig undefined
20 silly mapToRegistry name cbrnnode
21 silly mapToRegistry using default registry
22 silly mapToRegistry registry http://registry.npmjs.org/
23 silly mapToRegistry uri http://registry.npmjs.org/cbrnnode
24 verbose publish registryBase http://registry.npmjs.org/
25 silly publish uploading /Users/uncleFucka/.npm/cbrnnode/0.0.1/package.tgz
26 verbose request uri http://registry.npmjs.org/cbrnnode
27 verbose request sending authorization for write operation
28 info attempt registry request try #1 at 5:58:32 AM
29 verbose request using bearer token for auth
30 verbose request id a67450dc74843d24
31 http request PUT http://registry.npmjs.org/cbrnnode
32 http 403 http://registry.npmjs.org/cbrnnode
33 verbose headers { 'content-type': 'application/json',
33 verbose headers   'cache-control': 'max-age=300',
33 verbose headers   'content-length': '95',
33 verbose headers   'accept-ranges': 'bytes',
33 verbose headers   date: 'Mon, 04 Jan 2016 02:58:34 GMT',
33 verbose headers   via: '1.1 varnish',
33 verbose headers   connection: 'keep-alive',
33 verbose headers   'x-served-by': 'cache-fra1221-FRA',
33 verbose headers   'x-cache': 'MISS',
33 verbose headers   'x-cache-hits': '0',
33 verbose headers   'x-timer': 'S1451876312.440635,VS0,VE1659' }
34 verbose request invalidating /Users/uncleFucka/.npm/registry.npmjs.org/cbrnnode on PUT
35 error publish Failed PUT 403
36 verbose stack Error: "You cannot publish over the previously published version 0.0.1." : cbrnnode
36 verbose stack     at makeError (/usr/local/lib/node_modules/npm/node_modules/npm-registry-client/lib/request.js:264:12)
36 verbose stack     at CachingRegistryClient.<anonymous> (/usr/local/lib/node_modules/npm/node_modules/npm-registry-client/lib/request.js:252:14)
36 verbose stack     at Request._callback (/usr/local/lib/node_modules/npm/node_modules/npm-registry-client/lib/request.js:172:14)
36 verbose stack     at Request.self.callback (/usr/local/lib/node_modules/npm/node_modules/request/request.js:198:22)
36 verbose stack     at emitTwo (events.js:87:13)
36 verbose stack     at Request.emit (events.js:172:7)
36 verbose stack     at Request.<anonymous> (/usr/local/lib/node_modules/npm/node_modules/request/request.js:1082:10)
36 verbose stack     at emitOne (events.js:82:20)
36 verbose stack     at Request.emit (events.js:169:7)
36 verbose stack     at IncomingMessage.<anonymous> (/usr/local/lib/node_modules/npm/node_modules/request/request.js:1009:12)
37 verbose statusCode 403
38 verbose pkgid cbrnnode
39 verbose cwd /Users/uncleFucka/Projects/CBRNnode
40 error Darwin 15.2.0
41 error argv "/usr/local/bin/node" "/usr/local/bin/npm" "publish"
42 error node v4.2.1
43 error npm  v3.4.0
44 error code E403
45 error "You cannot publish over the previously published version 0.0.1." : cbrnnode
46 error If you need help, you may report this error at:
46 error     <https://github.com/npm/npm/issues>
47 verbose exit [ 1, true ]
